Arguments: 
  C:\Program Files\nodejs\node.exe C:\Users\kento\AppData\Roaming\npm\node_modules\yarn\bin\yarn.js init

PATH: 
  C:\Users\kento\bin;C:\Program Files\Git\mingw64\bin;C:\Program Files\Git\usr\local\bin;C:\Program Files\Git\usr\bin;C:\Program Files\Git\usr\bin;C:\Program Files\Git\mingw64\bin;C:\Program Files\Git\usr\bin;C:\Users\kento\bin;C:\Program Files (x86)\Common Files\Oracle\Java\javapath;C:\Program Files\Ruby30-x64\bin;C:\windows\system32;C:\windows;C:\windows\System32\Wbem;C:\windows\System32\WindowsPowerShell\v1.0;C:\windows\System32\OpenSSH;C:\Program Files\nodejs;C:\Program Files\nodejs\node_modules\npm\bin;C:\Program Files\Git\cmd;C:\Program Files\PostgreSQL\12\bin;C:\Program Files\circleci-cli_0.1.5546_windows_amd64;C:\MinGW\bin;C:\Program Files\Amazon\AWSCLIV2;C:\Program Files\Docker\Docker\resources\bin;C:\ProgramData\DockerDesktop\version-bin;C:\Users\kento\AppData\Local\Microsoft\WindowsApps;C:\Users\kento\AppData\Local\Programs\Microsoft VS Code\bin;C:\Users\kento\AppData\Roaming\npm;C:\Program Files (x86)\GitHub CLI;C:\Program Files\MongoDB\Server\4.4\bin;C:\Program Files\Git\usr\bin\vendor_perl;C:\Program Files\Git\usr\bin\core_perl

Yarn version: 
  1.22.10

Node version: 
  14.15.4

Platform: 
  win32 x64

Trace: 
  Error: Can't answer a question unless a user TTY
      at ConsoleReporter.question (C:\Users\kento\AppData\Roaming\npm\node_modules\yarn\lib\cli.js:96361:59)
      at Object.<anonymous> (C:\Users\kento\AppData\Roaming\npm\node_modules\yarn\lib\cli.js:88636:38)
      at Generator.next (<anonymous>)
      at step (C:\Users\kento\AppData\Roaming\npm\node_modules\yarn\lib\cli.js:310:30)
      at C:\Users\kento\AppData\Roaming\npm\node_modules\yarn\lib\cli.js:321:13
      at processTicksAndRejections (internal/process/task_queues.js:93:5)

npm manifest: 
  No manifest

yarn manifest: 
  No manifest

Lockfile: 
  No lockfile
